# JRE version: OpenJDK Runtime Environment (8.0_212-b04) (build 1.8.0_212-release-1586-b04)
# Java VM: OpenJDK 64-Bit Server VM (25.212-b04 mixed mode windows-amd64 compressed oops)
Heap:
 PSYoungGen      total 137216K, used 27897K [0x00000000e0000000, 0x00000000e9800000, 0x0000000100000000)
  eden space 125952K, 13% used [0x00000000e0000000,0x00000000e1042160,0x00000000e7b00000)
  from space 11264K, 99% used [0x00000000e8800000,0x00000000e92fc360,0x00000000e9300000)
  to   space 13312K, 0% used [0x00000000e7b00000,0x00000000e7b00000,0x00000000e8800000)
 ParOldGen       total 91136K, used 18975K [0x00000000a0000000, 0x00000000a5900000, 0x00000000e0000000)
  object space 91136K, 20% used [0x00000000a0000000,0x00000000a1287fa8,0x00000000a5900000)
 Metaspace       used 45449K, capacity 46576K, committed 46976K, reserved 1089536K
  class space    used 6114K, capacity 6411K, committed 6528K, reserved 1048576K
GC Heap History (10 events):
Event: 11.130 GC heap before
{Heap before GC invocations=8 (full 1):
 PSYoungGen      total 75264K, used 65536K [0x00000000e0000000, 0x00000000e5400000, 0x0000000100000000)
  eden space 65536K, 100% used [0x00000000e0000000,0x00000000e4000000,0x00000000e4000000)
  from space 9728K, 0% used [0x00000000e4a80000,0x00000000e4a80000,0x00000000e5400000)
  to   space 10240K, 0% used [0x00000000e4000000,0x00000000e4000000,0x00000000e4a00000)
 ParOldGen       total 60416K, used 8785K [0x00000000a0000000, 0x00000000a3b00000, 0x00000000e0000000)
  object space 60416K, 14% used [0x00000000a0000000,0x00000000a08944b8,0x00000000a3b00000)
 Metaspace       used 28980K, capacity 29588K, committed 29952K, reserved 1075200K
  class space    used 3898K, capacity 4093K, committed 4096K, reserved 1048576K
Event: 11.142 GC heap after
Heap after GC invocations=8 (full 1):
 PSYoungGen      total 75776K, used 8078K [0x00000000e0000000, 0x00000000e7780000, 0x0000000100000000)
  eden space 65536K, 0% used [0x00000000e0000000,0x00000000e0000000,0x00000000e4000000)
  from space 10240K, 78% used [0x00000000e4000000,0x00000000e47e3968,0x00000000e4a00000)
  to   space 10752K, 0% used [0x00000000e6d00000,0x00000000e6d00000,0x00000000e7780000)
 ParOldGen       total 60416K, used 8793K [0x00000000a0000000, 0x00000000a3b00000, 0x00000000e0000000)
  object space 60416K, 14% used [0x00000000a0000000,0x00000000a08964b8,0x00000000a3b00000)
 Metaspace       used 28980K, capacity 29588K, committed 29952K, reserved 1075200K
  class space    used 3898K, capacity 4093K, committed 4096K, reserved 1048576K
}
Event: 12.976 GC heap before
{Heap before GC invocations=9 (full 1):
 PSYoungGen      total 75776K, used 73614K [0x00000000e0000000, 0x00000000e7780000, 0x0000000100000000)
  eden space 65536K, 100% used [0x00000000e0000000,0x00000000e4000000,0x00000000e4000000)
  from space 10240K, 78% used [0x00000000e4000000,0x00000000e47e3968,0x00000000e4a00000)
  to   space 10752K, 0% used [0x00000000e6d00000,0x00000000e6d00000,0x00000000e7780000)
 ParOldGen       total 60416K, used 8793K [0x00000000a0000000, 0x00000000a3b00000, 0x00000000e0000000)
  object space 60416K, 14% used [0x00000000a0000000,0x00000000a08964b8,0x00000000a3b00000)
 Metaspace       used 32247K, capacity 32824K, committed 33152K, reserved 1077248K
  class space    used 4441K, capacity 4617K, committed 4736K, reserved 1048576K
Event: 12.993 GC heap after
Heap after GC invocations=9 (full 1):
 PSYoungGen      total 109568K, used 8558K [0x00000000e0000000, 0x00000000e7680000, 0x0000000100000000)
  eden space 99840K, 0% used [0x00000000e0000000,0x00000000e0000000,0x00000000e6180000)
  from space 9728K, 87% used [0x00000000e6d00000,0x00000000e755bb40,0x00000000e7680000)
  to   space 10752K, 0% used [0x00000000e6180000,0x00000000e6180000,0x00000000e6c00000)
 ParOldGen       total 60416K, used 8801K [0x00000000a0000000, 0x00000000a3b00000, 0x00000000e0000000)
  object space 60416K, 14% used [0x00000000a0000000,0x00000000a08984b8,0x00000000a3b00000)
 Metaspace       used 32247K, capacity 32824K, committed 33152K, reserved 1077248K
  class space    used 4441K, capacity 4617K, committed 4736K, reserved 1048576K
}
Event: 22.616 GC heap before
{Heap before GC invocations=10 (full 1):
 PSYoungGen      total 109568K, used 56307K [0x00000000e0000000, 0x00000000e7680000, 0x0000000100000000)
  eden space 99840K, 47% used [0x00000000e0000000,0x00000000e2ea1250,0x00000000e6180000)
  from space 9728K, 87% used [0x00000000e6d00000,0x00000000e755bb40,0x00000000e7680000)
  to   space 10752K, 0% used [0x00000000e6180000,0x00000000e6180000,0x00000000e6c00000)
 ParOldGen       total 60416K, used 8801K [0x00000000a0000000, 0x00000000a3b00000, 0x00000000e0000000)
  object space 60416K, 14% used [0x00000000a0000000,0x00000000a08984b8,0x00000000a3b00000)
 Metaspace       used 34605K, capacity 35340K, committed 35456K, reserved 1079296K
  class space    used 4760K, capacity 4947K, committed 4992K, reserved 1048576K
Event: 22.641 GC heap after
Heap after GC invocations=10 (full 1):
 PSYoungGen      total 110592K, used 9610K [0x00000000e0000000, 0x00000000e9300000, 0x0000000100000000)
  eden space 99840K, 0% used [0x00000000e0000000,0x00000000e0000000,0x00000000e6180000)
  from space 10752K, 89% used [0x00000000e6180000,0x00000000e6ae2a50,0x00000000e6c00000)
  to   space 11264K, 0% used [0x00000000e8800000,0x00000000e8800000,0x00000000e9300000)
 ParOldGen       total 60416K, used 8809K [0x00000000a0000000, 0x00000000a3b00000, 0x00000000e0000000)
  object space 60416K, 14% used [0x00000000a0000000,0x00000000a089a4b8,0x00000000a3b00000)
 Metaspace       used 34605K, capacity 35340K, committed 35456K, reserved 1079296K
  class space    used 4760K, capacity 4947K, committed 4992K, reserved 1048576K
}
Event: 22.641 GC heap before
{Heap before GC invocations=11 (full 2):
 PSYoungGen      total 110592K, used 9610K [0x00000000e0000000, 0x00000000e9300000, 0x0000000100000000)
  eden space 99840K, 0% used [0x00000000e0000000,0x00000000e0000000,0x00000000e6180000)
  from space 10752K, 89% used [0x00000000e6180000,0x00000000e6ae2a50,0x00000000e6c00000)
  to   space 11264K, 0% used [0x00000000e8800000,0x00000000e8800000,0x00000000e9300000)
 ParOldGen       total 60416K, used 8809K [0x00000000a0000000, 0x00000000a3b00000, 0x00000000e0000000)
  object space 60416K, 14% used [0x00000000a0000000,0x00000000a089a4b8,0x00000000a3b00000)
 Metaspace       used 34605K, capacity 35340K, committed 35456K, reserved 1079296K
  class space    used 4760K, capacity 4947K, committed 4992K, reserved 1048576K
Event: 22.757 GC heap after
Heap after GC invocations=11 (full 2):
 PSYoungGen      total 110592K, used 0K [0x00000000e0000000, 0x00000000e9300000, 0x0000000100000000)
  eden space 99840K, 0% used [0x00000000e0000000,0x00000000e0000000,0x00000000e6180000)
  from space 10752K, 0% used [0x00000000e6180000,0x00000000e6180000,0x00000000e6c00000)
  to   space 11264K, 0% used [0x00000000e8800000,0x00000000e8800000,0x00000000e9300000)
 ParOldGen       total 91136K, used 16796K [0x00000000a0000000, 0x00000000a5900000, 0x00000000e0000000)
  object space 91136K, 18% used [0x00000000a0000000,0x00000000a10672c8,0x00000000a5900000)
 Metaspace       used 34596K, capacity 35310K, committed 35456K, reserved 1079296K
  class space    used 4757K, capacity 4942K, committed 4992K, reserved 1048576K
}
Event: 25.528 GC heap before
{Heap before GC invocations=12 (full 2):
 PSYoungGen      total 110592K, used 99840K [0x00000000e0000000, 0x00000000e9300000, 0x0000000100000000)
  eden space 99840K, 100% used [0x00000000e0000000,0x00000000e6180000,0x00000000e6180000)
  from space 10752K, 0% used [0x00000000e6180000,0x00000000e6180000,0x00000000e6c00000)
  to   space 11264K, 0% used [0x00000000e8800000,0x00000000e8800000,0x00000000e9300000)
 ParOldGen       total 91136K, used 16796K [0x00000000a0000000, 0x00000000a5900000, 0x00000000e0000000)
  object space 91136K, 18% used [0x00000000a0000000,0x00000000a10672c8,0x00000000a5900000)
 Metaspace       used 45083K, capacity 46022K, committed 46336K, reserved 1089536K
  class space    used 6045K, capacity 6291K, committed 6400K, reserved 1048576K
Event: 25.548 GC heap after
Heap after GC invocations=12 (full 2):
 PSYoungGen      total 137216K, used 11248K [0x00000000e0000000, 0x00000000e9800000, 0x0000000100000000)
  eden space 125952K, 0% used [0x00000000e0000000,0x00000000e0000000,0x00000000e7b00000)
  from space 11264K, 99% used [0x00000000e8800000,0x00000000e92fc360,0x00000000e9300000)
  to   space 13312K, 0% used [0x00000000e7b00000,0x00000000e7b00000,0x00000000e8800000)
 ParOldGen       total 91136K, used 18975K [0x00000000a0000000, 0x00000000a5900000, 0x00000000e0000000)
  object space 91136K, 20% used [0x00000000a0000000,0x00000000a1287fa8,0x00000000a5900000)
 Metaspace       used 45083K, capacity 46022K, committed 46336K, reserved 1089536K
  class space    used 6045K, capacity 6291K, committed 6400K, reserved 1048576K
}

